Configuration on demand is an incubating feature.
> Task :app:checkKotlinGradlePluginConfigurationErrors SKIPPED
> Task :app:preBuild UP-TO-DATE
> Task :app:preAdminDebugBuild UP-TO-DATE
> Task :app:generateAdminDebugBuildConfig UP-TO-DATE
> Task :app:checkAdminDebugAarMetadata UP-TO-DATE
> Task :app:processAdminDebugNavigationResources UP-TO-DATE
> Task :app:compileAdminDebugNavigationResources UP-TO-DATE
> Task :app:generateAdminDebugResValues UP-TO-DATE
> Task :app:processAdminDebugGoogleServices UP-TO-DATE
> Task :app:mapAdminDebugSourceSetPaths UP-TO-DATE
> Task :app:generateAdminDebugResources UP-TO-DATE
> Task :app:mergeAdminDebugResources UP-TO-DATE
> Task :app:packageAdminDebugResources UP-TO-DATE
> Task :app:parseAdminDebugLocalResources UP-TO-DATE
> Task :app:createAdminDebugCompatibleScreenManifests UP-TO-DATE
> Task :app:extractDeepLinksAdminDebug UP-TO-DATE
> Task :app:processAdminDebugMainManifest UP-TO-DATE
> Task :app:processAdminDebugManifest UP-TO-DATE
> Task :app:processAdminDebugManifestForPackage UP-TO-DATE
> Task :app:processAdminDebugResources UP-TO-DATE
> Task :app:kspAdminDebugKotlin UP-TO-DATE

> Task :app:compileAdminDebugKotlin FAILED
./gradlew : e: file:///C:/Users/ravip/AndroidStudioProjects/PoliceMobileDirec
tory/app/src/admin/java/com/example/policemobiledirectory/repository/Constant
sRepository.kt:855:23 Unresolved reference 'getUnitMappings'.
At line:1 char:1
+ ./gradlew :app:compileAdminDebugKotlin --console=plain > build_error_ ...
+ ~~~~~~~~~~~~~~~~~~~~~~~~~~~~~~~~~~~~~~~~~~~~~~~~~~~~~~~~~~~~~~~~~~~~~
    + CategoryInfo          : NotSpecified: (e: file:///C:/U...tUnitMappings 
   '.:String) [], RemoteException
    + FullyQualifiedErrorId : NativeCommandError
 
e: file:///C:/Users/ravip/AndroidStudioProjects/PoliceMobileDirectory/app/src
/admin/java/com/example/policemobiledirectory/repository/ConstantsRepository.
kt:856:25 Unresolved reference 'applicableRanks'.
e: file:///C:/Users/ravip/AndroidStudioProjects/PoliceMobileDirectory/app/src
/admin/java/com/example/policemobiledirectory/ui/components/CommonEmployeeFor
m.kt:171:36 Unresolved reference 'getApplicableRanksForUnit'.

FAILURE: Build failed with an exception.

* What went wrong:
Execution failed for task ':app:compileAdminDebugKotlin'.
> A failure occurred while executing org.jetbrains.kotlin.compilerRunner.Grad
leCompilerRunnerWithWorkers$GradleKotlinCompilerWorkAction
   > Compilation error. See log for more details

* Try:
> Run with --stacktrace option to get the stack trace.
> Run with --info or --debug option to get more log output.
> Run with --scan to get full insights.
> Get more help at https://help.gradle.org.

BUILD FAILED in 8s
19 actionable tasks: 1 executed, 18 up-to-date
