Configuration on demand is an incubating feature.
> Task :app:preBuild UP-TO-DATE
> Task :app:preUserDebugBuild UP-TO-DATE
> Task :app:mergeUserDebugNativeDebugMetadata NO-SOURCE
> Task :app:checkKotlinGradlePluginConfigurationErrors SKIPPED
> Task :app:generateUserDebugBuildConfig UP-TO-DATE
> Task :app:checkUserDebugAarMetadata UP-TO-DATE
> Task :app:processUserDebugNavigationResources UP-TO-DATE
> Task :app:compileUserDebugNavigationResources UP-TO-DATE
> Task :app:generateUserDebugResValues UP-TO-DATE
> Task :app:processUserDebugGoogleServices UP-TO-DATE
> Task :app:mapUserDebugSourceSetPaths UP-TO-DATE
> Task :app:generateUserDebugResources UP-TO-DATE
> Task :app:mergeUserDebugResources UP-TO-DATE
> Task :app:packageUserDebugResources UP-TO-DATE
> Task :app:parseUserDebugLocalResources UP-TO-DATE
> Task :app:createUserDebugCompatibleScreenManifests UP-TO-DATE
> Task :app:extractDeepLinksUserDebug UP-TO-DATE
> Task :app:processUserDebugMainManifest UP-TO-DATE
> Task :app:processUserDebugManifest UP-TO-DATE
> Task :app:processUserDebugManifestForPackage UP-TO-DATE
> Task :app:processUserDebugResources UP-TO-DATE
> Task :app:kspUserDebugKotlin UP-TO-DATE
> Task :app:javaPreCompileUserDebug UP-TO-DATE
> Task :app:mergeUserDebugShaders UP-TO-DATE
> Task :app:compileUserDebugShaders NO-SOURCE
> Task :app:generateUserDebugAssets UP-TO-DATE
> Task :app:mergeUserDebugAssets UP-TO-DATE
> Task :app:compressUserDebugAssets UP-TO-DATE
> Task :app:l8DexDesugarLibUserDebug UP-TO-DATE
> Task :app:checkUserDebugDuplicateClasses UP-TO-DATE
> Task :app:desugarUserDebugFileDependencies UP-TO-DATE
> Task :app:mergeExtDexUserDebug UP-TO-DATE
> Task :app:mergeLibDexUserDebug UP-TO-DATE
> Task :app:mergeUserDebugJniLibFolders UP-TO-DATE
> Task :app:mergeUserDebugNativeLibs UP-TO-DATE
> Task :app:stripUserDebugDebugSymbols UP-TO-DATE
> Task :app:validateSigningUserDebug UP-TO-DATE
> Task :app:writeUserDebugAppMetadata UP-TO-DATE
> Task :app:writeUserDebugSigningConfigVersions UP-TO-DATE
> Task :app:compileUserDebugKotlin
./gradlew : e: file:///C:/U
sers/ravip/AndroidStudioPro
jects/PoliceMobileDirectory
/app/src/user/java/com/exam
ple/policemobiledirectory/u
i/components/ContactCard.kt
:61:27 Unresolved 
reference 'remember'.
At line:1 char:1
+ ./gradlew 
assembleUserDebug 2>&1 | 
Out-File -Encoding UTF8 
build_log_ ...
+ ~~~~~~~~~~~~~~~~~~~~~~~~~
~~~~~~~
    + CategoryInfo         
     : NotSpecified: (e:   
  file:///C:/U...nce 're   
 member'.:String) [], R    
emoteException
    + FullyQualifiedErrorI 
   d : NativeCommandError
 

> Task :app:compileUserDebugKotlin FAILED

FAILURE: Build failed with 
an exception.

* What went wrong:
Execution failed for task '
:app:compileUserDebugKotlin
'.
> A failure occurred while 
executing org.jetbrains.kot
lin.compilerRunner.GradleCo
mpilerRunnerWithWorkers$Gra
dleKotlinCompilerWorkAction
   > Compilation error. 
See log for more details

* Try:
> Run with --stacktrace 
option to get the stack 
trace.
> Run with --info or 
--debug option to get more 
log output.
> Run with --scan to get 
full insights.
> Get more help at 
https://help.gradle.org.

BUILD FAILED in 1m 10s
34 actionable tasks: 1 executed, 33 up-to-date
